warning: output filename collision.
The lib target `mopro_ffi` in package `mopro-ffi v0.1.0 (/Users/jin/Projects/mopro/mopro-ffi)` has the same output filename as the lib target `mopro_ffi` in package `mopro-ffi v0.1.0 (/Users/jin/Projects/mopro/mopro-ffi)`.
Colliding filename is: /Users/jin/Projects/mopro/target/debug/deps/libmopro_ffi.rlib
The targets should have unique names.
Consider changing their names to be unique or compiling them separately.
This may become a hard error in the future; see <https://github.com/rust-lang/cargo/issues/6313>.
warning: output filename collision.
The lib target `mopro_ffi` in package `mopro-ffi v0.1.0 (/Users/jin/Projects/mopro/mopro-ffi)` has the same output filename as the lib target `mopro_ffi` in package `mopro-ffi v0.1.0 (/Users/jin/Projects/mopro/mopro-ffi)`.
Colliding filename is: /Users/jin/Projects/mopro/target/debug/deps/libmopro_ffi.dylib
The targets should have unique names.
Consider changing their names to be unique or compiling them separately.
This may become a hard error in the future; see <https://github.com/rust-lang/cargo/issues/6313>.
warning: output filename collision.
The lib target `mopro_ffi` in package `mopro-ffi v0.1.0 (/Users/jin/Projects/mopro/mopro-ffi)` has the same output filename as the lib target `mopro_ffi` in package `mopro-ffi v0.1.0 (/Users/jin/Projects/mopro/mopro-ffi)`.
Colliding filename is: /Users/jin/Projects/mopro/target/debug/deps/libmopro_ffi.dylib.dSYM
The targets should have unique names.
Consider changing their names to be unique or compiling them separately.
This may become a hard error in the future; see <https://github.com/rust-lang/cargo/issues/6313>.
warning: output filename collision.
The lib target `mopro_ffi` in package `mopro-ffi v0.1.0 (/Users/jin/Projects/mopro/mopro-ffi)` has the same output filename as the lib target `mopro_ffi` in package `mopro-ffi v0.1.0 (/Users/jin/Projects/mopro/mopro-ffi)`.
Colliding filename is: /Users/jin/Projects/mopro/target/debug/deps/libmopro_ffi.a
The targets should have unique names.
Consider changing their names to be unique or compiling them separately.
This may become a hard error in the future; see <https://github.com/rust-lang/cargo/issues/6313>.
       Fresh unicode-ident v1.0.16
       Fresh cfg-if v1.0.0
       Fresh autocfg v1.4.0
       Fresh once_cell v1.20.2
       Fresh version_check v0.9.5
       Fresh byteorder v1.5.0
       Fresh proc-macro2 v1.0.93
       Fresh subtle v2.6.1
       Fresh memchr v2.7.4
       Fresh static_assertions v1.1.0
       Fresh quote v1.0.38
       Fresh libc v0.2.169
       Fresh typenum v1.17.0
       Fresh tracing-core v0.1.33
       Fresh syn v2.0.98
       Fresh num-traits v0.2.19
       Fresh paste v1.0.15
       Fresh serde_derive v1.0.217
       Fresh zerocopy-derive v0.7.35
       Fresh thiserror-impl v1.0.69
       Fresh ryu v1.0.19
       Fresh itoa v1.0.14
       Fresh zerocopy v0.7.35
       Fresh serde v1.0.217
       Fresh thiserror v1.0.69
       Fresh crossbeam-utils v0.8.21
       Fresh pin-project-lite v0.2.16
       Fresh anyhow v1.0.95
       Fresh either v1.13.0
       Fresh generic-array v0.14.7
       Fresh ppv-lite86 v0.2.20
       Fresh crossbeam-epoch v0.9.18
       Fresh zeroize_derive v1.4.2
       Fresh minimal-lexical v0.2.1
       Fresh rand_chacha v0.3.1
       Fresh crypto-common v0.1.6
       Fresh block-buffer v0.10.4
       Fresh syn v1.0.109
       Fresh crossbeam-deque v0.8.6
       Fresh zeroize v1.8.1
       Fresh nom v7.1.3
       Fresh arrayvec v0.7.6
       Fresh digest v0.10.7
       Fresh rayon-core v1.12.1
       Fresh fs-err v2.11.0
       Fresh uniffi_checksum_derive v0.28.3
       Fresh smawk v0.3.2
       Fresh unicase v2.8.1
       Fresh rand_core v0.6.4
       Fresh siphasher v0.3.11
       Fresh num-integer v0.1.46
       Fresh rayon v1.10.0
       Fresh rand v0.8.5
       Fresh textwrap v0.16.1
       Fresh cpufeatures v0.2.17
       Fresh log v0.4.25
       Fresh spin v0.9.8
       Fresh hex v0.4.3
       Fresh ark-std v0.4.0
       Fresh num-bigint v0.4.6
       Fresh tracing-attributes v0.1.28
       Fresh mime v0.3.17
       Fresh weedle2 v5.0.0
       Fresh askama_parser v0.2.1
       Fresh bytes v1.9.0
       Fresh itertools v0.10.5
       Fresh mime_guess v2.0.5
       Fresh basic-toml v0.1.9
       Fresh scroll_derive v0.12.0
       Fresh jobserver v0.1.32
       Fresh heck v0.5.0
       Fresh shlex v1.3.0
       Fresh tap v1.0.1
       Fresh plain v0.2.3
       Fresh scroll v0.12.0
       Fresh askama_derive v0.12.5
       Fresh cc v1.2.11
       Fresh askama_escape v0.10.3
       Fresh wyz v0.5.1
       Fresh utf8parse v0.2.2
       Fresh funty v2.0.0
       Fresh glob v0.3.2
       Fresh askama v0.12.1
       Fresh goblin v0.8.2
       Fresh radium v0.7.0
       Fresh anstyle-parse v0.2.6
       Fresh is_terminal_polyfill v1.70.1
       Fresh anstyle-query v1.1.2
       Fresh bitvec v1.0.1
       Fresh colorchoice v1.0.3
       Fresh anstyle v1.0.10
       Fresh keccak v0.1.5
       Fresh clap_lex v0.7.4
       Fresh strsim v0.11.1
       Fresh constant_time_eq v0.3.1
       Fresh arrayref v0.3.9
       Fresh clap_derive v4.5.24
       Fresh ff v0.13.0
       Fresh anstream v0.6.18
       Fresh blake2b_simd v1.0.2
       Fresh ark-serialize-derive v0.4.2
       Fresh thread_local v1.1.8
       Fresh ark-ff-macros v0.4.2
       Fresh derivative v2.2.0
       Fresh ark-ff-asm v0.4.2
       Fresh clap_builder v4.5.27
       Fresh group v0.13.0
       Fresh uniffi_macros v0.28.0
       Fresh ark-serialize v0.4.1
       Fresh serde_json v1.0.138
       Fresh same-file v1.0.6
       Fresh pasta_curves v0.5.1
       Fresh clap v4.5.27
       Fresh walkdir v2.5.0
       Fresh ark-ff v0.4.1
       Fresh block-padding v0.2.1
       Fresh rustc-hex v2.1.0
       Fresh crunchy v0.2.3
       Fresh ahash v0.8.11
       Fresh block-buffer v0.9.0
       Fresh sha3 v0.10.8
       Fresh digest v0.9.0
       Fresh camino v1.1.9
       Fresh const-oid v0.9.6
       Fresh opaque-debug v0.3.1
       Fresh der v0.6.1
       Fresh hashbrown v0.13.2
       Fresh halo2curves v0.3.2 (https://github.com/privacy-scaling-explorations/halo2curves?tag=0.3.2#9f5c5081)
       Fresh rlp v0.5.2
       Fresh semver v1.0.25
       Fresh cargo-platform v0.1.9
       Fresh sha3 v0.9.1
       Fresh impl-trait-for-tuples v0.2.3
       Fresh base64ct v1.6.0
       Fresh byte-slice-cast v1.2.2
       Fresh lazy_static v1.5.0
       Fresh fnv v1.0.7
       Fresh owo-colors v3.5.0
       Fresh adler v1.0.2
       Fresh gimli v0.28.1
       Fresh miniz_oxide v0.7.4
       Fresh spki v0.6.0
       Fresh parity-scale-codec v3.6.12
       Fresh ark-poly v0.4.1
       Fresh addr2line v0.21.0
       Fresh cargo_metadata v0.15.4
       Fresh impl-rlp v0.3.0
       Fresh fixed-hash v0.7.0
       Fresh sha2 v0.10.8
       Fresh bincode v1.3.3
       Fresh impl-serde v0.3.2
       Fresh object v0.32.2
       Fresh rustc-demangle v0.1.24
       Fresh indenter v0.3.3
       Fresh uniffi_testing v0.28.0
       Fresh halo2curves v0.3.3 (https://github.com/privacy-scaling-explorations/halo2curves?tag=0.3.3#8e4cb9f0)
       Fresh backtrace v0.3.71
       Fresh pkcs8 v0.9.0
       Fresh tiny-keccak v2.0.2
       Fresh impl-codec v0.6.0
       Fresh ark-ec v0.4.1
       Fresh uint v0.9.5
       Fresh eyre v0.6.12
       Fresh uniffi_meta v0.28.0
       Fresh crypto-bigint v0.4.9
       Fresh tracing v0.1.41
       Fresh ff v0.12.1
       Fresh tracing-subscriber v0.2.25
       Fresh base16ct v0.1.1
       Fresh primitive-types v0.11.1
       Fresh group v0.12.1
       Fresh uniffi_udl v0.28.0
       Fresh sec1 v0.3.0
       Fresh ark-relations v0.4.0
       Fresh ethbloom v0.12.1
       Fresh halo2_proofs v0.2.0 (https://github.com/han0110/halo2.git?branch=feature%2Ffor-benchmark#4981b8d5)
       Fresh poseidon v0.2.0 (https://github.com/han0110/poseidon?branch=feature%2Fwith-spec#fa4c2544)
       Fresh sharded-slab v0.1.7
       Fresh hmac v0.12.1
       Fresh toml v0.5.11
       Fresh thiserror-impl v2.0.3
       Fresh aho-corasick v1.1.3
       Fresh regex-syntax v0.8.5
       Fresh ark-snark v0.4.0
       Fresh rustversion v1.0.19
       Fresh ethereum-types v0.13.1
       Fresh thiserror v2.0.3
       Fresh regex-automata v0.4.9
       Fresh rfc6979 v0.3.1
       Fresh plonkish_backend v0.1.0 (https://github.com/sifnoc/plonkish?branch=setup_custom#4f42eeb3)
       Fresh tracing-subscriber v0.3.19
       Fresh uniffi_bindgen v0.28.0
       Fresh elliptic-curve v0.12.3
       Fresh blake2 v0.10.6
       Fresh signature v1.6.4
       Fresh itertools v0.13.0
       Fresh getrandom v0.2.15
       Fresh heck v0.4.1
       Fresh uniffi_build v0.28.0
       Fresh tracing-error v0.2.1
       Fresh ark-crypto-primitives v0.4.0
       Fresh fibonacci-circuit v0.1.0 (https://github.com/sifnoc/plonkish-fibonacci-sample.git#3917ee5e)
       Fresh strum_macros v0.24.3
       Fresh ecdsa v0.14.8
       Fresh regex v1.11.1
       Fresh uniffi_core v0.28.0
       Fresh num-rational v0.4.2
       Fresh fastrlp-derive v0.1.5
       Fresh num-iter v0.1.45
       Fresh auto_impl v1.2.1
       Fresh num-complex v0.4.6
       Fresh hashbrown v0.12.3
       Fresh os_str_bytes v6.6.1
       Fresh strum v0.24.1
       Fresh rust_decimal v1.36.0
       Fresh k256 v0.11.6
       Dirty mopro-ffi v0.1.0 (/Users/jin/Projects/mopro/mopro-ffi): the list of features changed
   Compiling mopro-ffi v0.1.0 (/Users/jin/Projects/mopro/mopro-ffi)
       Fresh num v0.4.3
       Fresh indexmap v1.9.3
       Fresh clap_lex v0.2.4
       Fresh fastrlp v0.1.3
       Fresh uniffi v0.28.0
       Fresh ethabi v17.2.0
       Fresh color-spantrace v0.2.1
       Fresh ark-groth16 v0.4.0
     Running `/Users/jin/.rustup/toolchains/stable-aarch64-apple-darwin/bin/rustc --crate-name mopro_ffi --edition=2021 mopro-ffi/src/lib.rs --error-format=json --json=diagnostic-rendered-ansi,artifacts,future-incompat --crate-type lib --crate-type cdylib --crate-type staticlib --emit=dep-info,link -C embed-bitcode=no --cfg 'feature="default"' --check-cfg 'cfg(docsrs,test)' --check-cfg 'cfg(feature, values("ark-bls12-381", "ark-bn254", "ark-ff", "circom", "circom-prover", "default", "halo2", "rust-witness"))' -C metadata=d13f8bef2868c5e0 --out-dir /Users/jin/Projects/mopro/target/debug/deps -C incremental=/Users/jin/Projects/mopro/target/debug/incremental -L dependency=/Users/jin/Projects/mopro/target/debug/deps --extern anyhow=/Users/jin/Projects/mopro/target/debug/deps/libanyhow-5aac58c3b1fb9b3c.rlib --extern bincode=/Users/jin/Projects/mopro/target/debug/deps/libbincode-169f8e67c1c22cf3.rlib --extern camino=/Users/jin/Projects/mopro/target/debug/deps/libcamino-111fccb1888150be.rlib --extern color_eyre=/Users/jin/Projects/mopro/target/debug/deps/libcolor_eyre-15263c491fe857c8.rlib --extern num_bigint=/Users/jin/Projects/mopro/target/debug/deps/libnum_bigint-630ec82a1e9cb882.rlib --extern serde=/Users/jin/Projects/mopro/target/debug/deps/libserde-1711ec9745631ce1.rlib --extern thiserror=/Users/jin/Projects/mopro/target/debug/deps/libthiserror-4c980d6e19dd0741.rlib --extern uniffi=/Users/jin/Projects/mopro/target/debug/deps/libuniffi-ec834bf3e8ca9dc3.rlib --extern uniffi_bindgen=/Users/jin/Projects/mopro/target/debug/deps/libuniffi_bindgen-3a0e8c873a40f384.rlib --extern uniffi_macros=/Users/jin/Projects/mopro/target/debug/deps/libuniffi_macros-e0cc9e96da142ce6.dylib --extern uuid=/Users/jin/Projects/mopro/target/debug/deps/libuuid-2026f51f157d0df9.rlib`
       Fresh ark-bls12-381 v0.4.0
       Fresh ark-bn254 v0.4.0
       Fresh rust-witness v0.1.2
       Fresh rlp-derive v0.1.0
       Fresh chrono v0.4.39
       Fresh uuid v1.12.1
       Fresh atty v0.2.14
       Fresh unicode-xid v0.2.6
       Fresh bitflags v1.3.2
       Fresh hex-literal v0.4.1
       Fresh termcolor v1.4.1
       Fresh strsim v0.10.0
       Fresh ethers-core v0.17.0
       Fresh color-eyre v0.6.2
       Fresh halo2_proofs v0.2.0 (https://github.com/privacy-scaling-explorations/halo2?tag=v2023_04_20#be955686)
       Fresh array-init v2.1.0
       Fresh gemini-fibonacci v0.1.0 (https://github.com/sifnoc/plonkish-fibonacci-sample.git#3917ee5e)
       Fresh circom-prover v0.1.0 (/Users/jin/Projects/mopro/circom-prover)
       Fresh clap v3.2.25
       Fresh plonk-fibonacci v0.1.0 (https://github.com/sifnoc/plonkish-fibonacci-sample.git#3917ee5e)
       Fresh hyperplonk-fibonacci v0.1.0 (https://github.com/sifnoc/plonkish-fibonacci-sample.git#3917ee5e)
       Fresh mopro-wasm v0.1.0 (/Users/jin/Projects/mopro/mopro-wasm)
       Fresh halo2-keccak-256 v0.1.0 (https://github.com/ElusAegis/halo2-keccak-stable.git#5c49f4dc)
     Running `/Users/jin/.rustup/toolchains/stable-aarch64-apple-darwin/bin/rustc --crate-name mopro_ffi --edition=2021 mopro-ffi/src/lib.rs --error-format=json --json=diagnostic-rendered-ansi,artifacts,future-incompat --crate-type lib --crate-type cdylib --crate-type staticlib --emit=dep-info,link -C embed-bitcode=no -C debuginfo=2 -C split-debuginfo=unpacked --cfg 'feature="ark-bls12-381"' --cfg 'feature="ark-bn254"' --cfg 'feature="ark-ff"' --cfg 'feature="circom"' --cfg 'feature="circom-prover"' --cfg 'feature="default"' --cfg 'feature="halo2"' --cfg 'feature="rust-witness"' --check-cfg 'cfg(docsrs,test)' --check-cfg 'cfg(feature, values("ark-bls12-381", "ark-bn254", "ark-ff", "circom", "circom-prover", "default", "halo2", "rust-witness"))' -C metadata=cbb8c4cdb3872b42 --out-dir /Users/jin/Projects/mopro/target/debug/deps -C incremental=/Users/jin/Projects/mopro/target/debug/incremental -L dependency=/Users/jin/Projects/mopro/target/debug/deps --extern anyhow=/Users/jin/Projects/mopro/target/debug/deps/libanyhow-5aac58c3b1fb9b3c.rlib --extern ark_bls12_381=/Users/jin/Projects/mopro/target/debug/deps/libark_bls12_381-3d05933b7f202cc8.rlib --extern ark_bn254=/Users/jin/Projects/mopro/target/debug/deps/libark_bn254-9a3508fe49e0d86b.rlib --extern ark_ff=/Users/jin/Projects/mopro/target/debug/deps/libark_ff-c798680de323444e.rlib --extern bincode=/Users/jin/Projects/mopro/target/debug/deps/libbincode-c50926bee9959427.rlib --extern camino=/Users/jin/Projects/mopro/target/debug/deps/libcamino-df5a3215f61f1ef7.rlib --extern circom_prover=/Users/jin/Projects/mopro/target/debug/deps/libcircom_prover-8a0eeb8529753781.rlib --extern color_eyre=/Users/jin/Projects/mopro/target/debug/deps/libcolor_eyre-33297612b924af4f.rlib --extern num_bigint=/Users/jin/Projects/mopro/target/debug/deps/libnum_bigint-b71b713ed1538e14.rlib --extern rust_witness=/Users/jin/Projects/mopro/target/debug/deps/librust_witness-b82b0a622df0da3c.rlib --extern serde=/Users/jin/Projects/mopro/target/debug/deps/libserde-07275568af7b10e7.rlib --extern thiserror=/Users/jin/Projects/mopro/target/debug/deps/libthiserror-4c980d6e19dd0741.rlib --extern uniffi=/Users/jin/Projects/mopro/target/debug/deps/libuniffi-dd1154d6384f07c6.rlib --extern uniffi_bindgen=/Users/jin/Projects/mopro/target/debug/deps/libuniffi_bindgen-7315d3dd5c12f521.rlib --extern uniffi_macros=/Users/jin/Projects/mopro/target/debug/deps/libuniffi_macros-e0cc9e96da142ce6.dylib --extern uuid=/Users/jin/Projects/mopro/target/debug/deps/libuuid-19cf6fe2ca47d53d.rlib`
       Dirty test-e2e v0.1.0 (/Users/jin/Projects/mopro/test-e2e): the dependency mopro_ffi was rebuilt (1740474978.558566876s, 1m 3s after last build at 1740474915.343350962s)
   Compiling test-e2e v0.1.0 (/Users/jin/Projects/mopro/test-e2e)
     Running `/Users/jin/.rustup/toolchains/stable-aarch64-apple-darwin/bin/rustc --crate-name build_script_build --edition=2021 test-e2e/build.rs --error-format=json --json=diagnostic-rendered-ansi,artifacts,future-incompat --crate-type bin --emit=dep-info,link -C embed-bitcode=no '--allow=clippy::empty-line-after-doc-comments' --check-cfg 'cfg(docsrs,test)' --check-cfg 'cfg(feature, values())' -C metadata=b0c6daccbc0c3fa0 -C extra-filename=-8b57b730f19f9f55 --out-dir /Users/jin/Projects/mopro/target/debug/build/test-e2e-8b57b730f19f9f55 -C incremental=/Users/jin/Projects/mopro/target/debug/incremental -L dependency=/Users/jin/Projects/mopro/target/debug/deps --extern mopro_ffi=/Users/jin/Projects/mopro/target/debug/deps/libmopro_ffi.rlib --extern rust_witness=/Users/jin/Projects/mopro/target/debug/deps/librust_witness-b438c5ba0255847d.rlib --extern uniffi=/Users/jin/Projects/mopro/target/debug/deps/libuniffi-ec834bf3e8ca9dc3.rlib`
     Running `/Users/jin/Projects/mopro/target/debug/build/test-e2e-8b57b730f19f9f55/build-script-build`
     Running `/Users/jin/.rustup/toolchains/stable-aarch64-apple-darwin/bin/rustc --crate-name mopro_bindings --edition=2021 test-e2e/src/lib.rs --error-format=json --json=diagnostic-rendered-ansi,artifacts,future-incompat --crate-type lib --crate-type cdylib --crate-type staticlib --emit=dep-info,link -C embed-bitcode=no -C debuginfo=2 -C split-debuginfo=unpacked '--allow=clippy::empty-line-after-doc-comments' --check-cfg 'cfg(docsrs,test)' --check-cfg 'cfg(feature, values())' -C metadata=2d2f7ce6e93c4735 --out-dir /Users/jin/Projects/mopro/target/debug/deps -C incremental=/Users/jin/Projects/mopro/target/debug/incremental -L dependency=/Users/jin/Projects/mopro/target/debug/deps --extern camino=/Users/jin/Projects/mopro/target/debug/deps/libcamino-df5a3215f61f1ef7.rlib --extern circom_prover=/Users/jin/Projects/mopro/target/debug/deps/libcircom_prover-8a0eeb8529753781.rlib --extern gemini_fibonacci=/Users/jin/Projects/mopro/target/debug/deps/libgemini_fibonacci-33b36cb4a2ee7e40.rlib --extern halo2_keccak_256=/Users/jin/Projects/mopro/target/debug/deps/libhalo2_keccak_256-38060c1d63e8d6ed.rlib --extern hyperplonk_fibonacci=/Users/jin/Projects/mopro/target/debug/deps/libhyperplonk_fibonacci-20fa7dd29b679da6.rlib --extern mopro_ffi=/Users/jin/Projects/mopro/target/debug/deps/libmopro_ffi.rlib --extern mopro_wasm=/Users/jin/Projects/mopro/target/debug/deps/libmopro_wasm.rlib --extern num_bigint=/Users/jin/Projects/mopro/target/debug/deps/libnum_bigint-b71b713ed1538e14.rlib --extern plonk_fibonacci=/Users/jin/Projects/mopro/target/debug/deps/libplonk_fibonacci-b366995f001ceaa8.rlib --extern rust_witness=/Users/jin/Projects/mopro/target/debug/deps/librust_witness-b82b0a622df0da3c.rlib --extern thiserror=/Users/jin/Projects/mopro/target/debug/deps/libthiserror-4c980d6e19dd0741.rlib --extern uniffi=/Users/jin/Projects/mopro/target/debug/deps/libuniffi-dd1154d6384f07c6.rlib -L native=/Users/jin/Projects/mopro/target/debug/build/test-e2e-3cd06eecf287a2bd/out -l static=circuit`
     Running `/Users/jin/.rustup/toolchains/stable-aarch64-apple-darwin/bin/rustc --crate-name circom --edition=2021 test-e2e/tests/circom.rs --error-format=json --json=diagnostic-rendered-ansi,artifacts,future-incompat --emit=dep-info,link -C embed-bitcode=no -C debuginfo=2 -C split-debuginfo=unpacked '--allow=clippy::empty-line-after-doc-comments' --test --check-cfg 'cfg(docsrs,test)' --check-cfg 'cfg(feature, values())' -C metadata=63a099a8e5580beb -C extra-filename=-c0e52ca483f47d78 --out-dir /Users/jin/Projects/mopro/target/debug/deps -C incremental=/Users/jin/Projects/mopro/target/debug/incremental -L dependency=/Users/jin/Projects/mopro/target/debug/deps --extern camino=/Users/jin/Projects/mopro/target/debug/deps/libcamino-df5a3215f61f1ef7.rlib --extern circom_prover=/Users/jin/Projects/mopro/target/debug/deps/libcircom_prover-8a0eeb8529753781.rlib --extern gemini_fibonacci=/Users/jin/Projects/mopro/target/debug/deps/libgemini_fibonacci-33b36cb4a2ee7e40.rlib --extern halo2_keccak_256=/Users/jin/Projects/mopro/target/debug/deps/libhalo2_keccak_256-38060c1d63e8d6ed.rlib --extern hyperplonk_fibonacci=/Users/jin/Projects/mopro/target/debug/deps/libhyperplonk_fibonacci-20fa7dd29b679da6.rlib --extern mopro_ffi=/Users/jin/Projects/mopro/target/debug/deps/libmopro_ffi.rlib --extern mopro_wasm=/Users/jin/Projects/mopro/target/debug/deps/libmopro_wasm.rlib --extern num_bigint=/Users/jin/Projects/mopro/target/debug/deps/libnum_bigint-b71b713ed1538e14.rlib --extern plonk_fibonacci=/Users/jin/Projects/mopro/target/debug/deps/libplonk_fibonacci-b366995f001ceaa8.rlib --extern rust_witness=/Users/jin/Projects/mopro/target/debug/deps/librust_witness-b82b0a622df0da3c.rlib --extern mopro_bindings=/Users/jin/Projects/mopro/target/debug/deps/libmopro_bindings.rlib --extern thiserror=/Users/jin/Projects/mopro/target/debug/deps/libthiserror-4c980d6e19dd0741.rlib --extern uniffi=/Users/jin/Projects/mopro/target/debug/deps/libuniffi-dd1154d6384f07c6.rlib -L native=/Users/jin/Projects/mopro/target/debug/build/test-e2e-3cd06eecf287a2bd/out`
     Running `/Users/jin/.rustup/toolchains/stable-aarch64-apple-darwin/bin/rustc --crate-name web --edition=2021 test-e2e/src/bin/web.rs --error-format=json --json=diagnostic-rendered-ansi,artifacts,future-incompat --crate-type bin --emit=dep-info,link -C embed-bitcode=no -C debuginfo=2 -C split-debuginfo=unpacked '--allow=clippy::empty-line-after-doc-comments' --check-cfg 'cfg(docsrs,test)' --check-cfg 'cfg(feature, values())' -C metadata=77b0cdd1fd189bcc -C extra-filename=-26f8746774532522 --out-dir /Users/jin/Projects/mopro/target/debug/deps -C incremental=/Users/jin/Projects/mopro/target/debug/incremental -L dependency=/Users/jin/Projects/mopro/target/debug/deps --extern camino=/Users/jin/Projects/mopro/target/debug/deps/libcamino-df5a3215f61f1ef7.rlib --extern circom_prover=/Users/jin/Projects/mopro/target/debug/deps/libcircom_prover-8a0eeb8529753781.rlib --extern gemini_fibonacci=/Users/jin/Projects/mopro/target/debug/deps/libgemini_fibonacci-33b36cb4a2ee7e40.rlib --extern halo2_keccak_256=/Users/jin/Projects/mopro/target/debug/deps/libhalo2_keccak_256-38060c1d63e8d6ed.rlib --extern hyperplonk_fibonacci=/Users/jin/Projects/mopro/target/debug/deps/libhyperplonk_fibonacci-20fa7dd29b679da6.rlib --extern mopro_ffi=/Users/jin/Projects/mopro/target/debug/deps/libmopro_ffi.rlib --extern mopro_wasm=/Users/jin/Projects/mopro/target/debug/deps/libmopro_wasm.rlib --extern num_bigint=/Users/jin/Projects/mopro/target/debug/deps/libnum_bigint-b71b713ed1538e14.rlib --extern plonk_fibonacci=/Users/jin/Projects/mopro/target/debug/deps/libplonk_fibonacci-b366995f001ceaa8.rlib --extern rust_witness=/Users/jin/Projects/mopro/target/debug/deps/librust_witness-b82b0a622df0da3c.rlib --extern mopro_bindings=/Users/jin/Projects/mopro/target/debug/deps/libmopro_bindings.rlib --extern thiserror=/Users/jin/Projects/mopro/target/debug/deps/libthiserror-4c980d6e19dd0741.rlib --extern uniffi=/Users/jin/Projects/mopro/target/debug/deps/libuniffi-dd1154d6384f07c6.rlib -L native=/Users/jin/Projects/mopro/target/debug/build/test-e2e-3cd06eecf287a2bd/out`
     Running `/Users/jin/.rustup/toolchains/stable-aarch64-apple-darwin/bin/rustc --crate-name android --edition=2021 test-e2e/src/bin/android.rs --error-format=json --json=diagnostic-rendered-ansi,artifacts,future-incompat --crate-type bin --emit=dep-info,link -C embed-bitcode=no -C debuginfo=2 -C split-debuginfo=unpacked '--allow=clippy::empty-line-after-doc-comments' --check-cfg 'cfg(docsrs,test)' --check-cfg 'cfg(feature, values())' -C metadata=780a1875fb01d183 -C extra-filename=-a812f49a38dfadd0 --out-dir /Users/jin/Projects/mopro/target/debug/deps -C incremental=/Users/jin/Projects/mopro/target/debug/incremental -L dependency=/Users/jin/Projects/mopro/target/debug/deps --extern camino=/Users/jin/Projects/mopro/target/debug/deps/libcamino-df5a3215f61f1ef7.rlib --extern circom_prover=/Users/jin/Projects/mopro/target/debug/deps/libcircom_prover-8a0eeb8529753781.rlib --extern gemini_fibonacci=/Users/jin/Projects/mopro/target/debug/deps/libgemini_fibonacci-33b36cb4a2ee7e40.rlib --extern halo2_keccak_256=/Users/jin/Projects/mopro/target/debug/deps/libhalo2_keccak_256-38060c1d63e8d6ed.rlib --extern hyperplonk_fibonacci=/Users/jin/Projects/mopro/target/debug/deps/libhyperplonk_fibonacci-20fa7dd29b679da6.rlib --extern mopro_ffi=/Users/jin/Projects/mopro/target/debug/deps/libmopro_ffi.rlib --extern mopro_wasm=/Users/jin/Projects/mopro/target/debug/deps/libmopro_wasm.rlib --extern num_bigint=/Users/jin/Projects/mopro/target/debug/deps/libnum_bigint-b71b713ed1538e14.rlib --extern plonk_fibonacci=/Users/jin/Projects/mopro/target/debug/deps/libplonk_fibonacci-b366995f001ceaa8.rlib --extern rust_witness=/Users/jin/Projects/mopro/target/debug/deps/librust_witness-b82b0a622df0da3c.rlib --extern mopro_bindings=/Users/jin/Projects/mopro/target/debug/deps/libmopro_bindings.rlib --extern thiserror=/Users/jin/Projects/mopro/target/debug/deps/libthiserror-4c980d6e19dd0741.rlib --extern uniffi=/Users/jin/Projects/mopro/target/debug/deps/libuniffi-dd1154d6384f07c6.rlib -L native=/Users/jin/Projects/mopro/target/debug/build/test-e2e-3cd06eecf287a2bd/out`
     Running `/Users/jin/.rustup/toolchains/stable-aarch64-apple-darwin/bin/rustc --crate-name ios --edition=2021 test-e2e/src/bin/ios.rs --error-format=json --json=diagnostic-rendered-ansi,artifacts,future-incompat --crate-type bin --emit=dep-info,link -C embed-bitcode=no -C debuginfo=2 -C split-debuginfo=unpacked '--allow=clippy::empty-line-after-doc-comments' --check-cfg 'cfg(docsrs,test)' --check-cfg 'cfg(feature, values())' -C metadata=9afd75cce459c1b5 -C extra-filename=-0ce45f3272e71a14 --out-dir /Users/jin/Projects/mopro/target/debug/deps -C incremental=/Users/jin/Projects/mopro/target/debug/incremental -L dependency=/Users/jin/Projects/mopro/target/debug/deps --extern camino=/Users/jin/Projects/mopro/target/debug/deps/libcamino-df5a3215f61f1ef7.rlib --extern circom_prover=/Users/jin/Projects/mopro/target/debug/deps/libcircom_prover-8a0eeb8529753781.rlib --extern gemini_fibonacci=/Users/jin/Projects/mopro/target/debug/deps/libgemini_fibonacci-33b36cb4a2ee7e40.rlib --extern halo2_keccak_256=/Users/jin/Projects/mopro/target/debug/deps/libhalo2_keccak_256-38060c1d63e8d6ed.rlib --extern hyperplonk_fibonacci=/Users/jin/Projects/mopro/target/debug/deps/libhyperplonk_fibonacci-20fa7dd29b679da6.rlib --extern mopro_ffi=/Users/jin/Projects/mopro/target/debug/deps/libmopro_ffi.rlib --extern mopro_wasm=/Users/jin/Projects/mopro/target/debug/deps/libmopro_wasm.rlib --extern num_bigint=/Users/jin/Projects/mopro/target/debug/deps/libnum_bigint-b71b713ed1538e14.rlib --extern plonk_fibonacci=/Users/jin/Projects/mopro/target/debug/deps/libplonk_fibonacci-b366995f001ceaa8.rlib --extern rust_witness=/Users/jin/Projects/mopro/target/debug/deps/librust_witness-b82b0a622df0da3c.rlib --extern mopro_bindings=/Users/jin/Projects/mopro/target/debug/deps/libmopro_bindings.rlib --extern thiserror=/Users/jin/Projects/mopro/target/debug/deps/libthiserror-4c980d6e19dd0741.rlib --extern uniffi=/Users/jin/Projects/mopro/target/debug/deps/libuniffi-dd1154d6384f07c6.rlib -L native=/Users/jin/Projects/mopro/target/debug/build/test-e2e-3cd06eecf287a2bd/out`
    Finished `test` profile [unoptimized + debuginfo] target(s) in 28.51s
     Running `/Users/jin/Projects/mopro/target/debug/deps/circom-c0e52ca483f47d78 --nocapture`

running 6 tests
Creating testing out_dir: /Users/jin/Projects/mopro/target/tmp/test-e2e-762d46707c42acb0
Creating testing out_dir: /Users/jin/Projects/mopro/target/tmp/test-e2e-4df53b69fa499d80
Creating testing out_dir: /Users/jin/Projects/mopro/target/tmp/test-e2e-d9e0b3284773981
Creating testing out_dir: /Users/jin/Projects/mopro/target/tmp/test-e2e-74e135cb21978409
Creating testing out_dir: /Users/jin/Projects/mopro/target/tmp/test-e2e-b041d7715f7f8dca
Creating testing out_dir: /Users/jin/Projects/mopro/target/tmp/test-e2e-860c1cfb0e5bafc6
warning: output filename collision.
The lib target `mopro_ffi` in package `mopro-ffi v0.1.0 (/Users/jin/Projects/mopro/mopro-ffi)` has the same output filename as the lib target `mopro_ffi` in package `mopro-ffi v0.1.0 (/Users/jin/Projects/mopro/mopro-ffi)`.
Colliding filename is: /Users/jin/Projects/mopro/target/debug/deps/libmopro_ffi.rlib
The targets should have unique names.
Consider changing their names to be unique or compiling them separately.
This may become a hard error in the future; see <https://github.com/rust-lang/cargo/issues/6313>.
warning: output filename collision.
The lib target `mopro_ffi` in package `mopro-ffi v0.1.0 (/Users/jin/Projects/mopro/mopro-ffi)` has the same output filename as the lib target `mopro_ffi` in package `mopro-ffi v0.1.0 (/Users/jin/Projects/mopro/mopro-ffi)`.
Colliding filename is: /Users/jin/Projects/mopro/target/debug/deps/libmopro_ffi.dylib
The targets should have unique names.
Consider changing their names to be unique or compiling them separately.
This may become a hard error in the future; see <https://github.com/rust-lang/cargo/issues/6313>.
warning: output filename collision.
The lib target `mopro_ffi` in package `mopro-ffi v0.1.0 (/Users/jin/Projects/mopro/mopro-ffi)` has the same output filename as the lib target `mopro_ffi` in package `mopro-ffi v0.1.0 (/Users/jin/Projects/mopro/mopro-ffi)`.
Colliding filename is: /Users/jin/Projects/mopro/target/debug/deps/libmopro_ffi.dylib.dSYM
The targets should have unique names.
Consider changing their names to be unique or compiling them separately.
This may become a hard error in the future; see <https://github.com/rust-lang/cargo/issues/6313>.
warning: output filename collision.
The lib target `mopro_ffi` in package `mopro-ffi v0.1.0 (/Users/jin/Projects/mopro/mopro-ffi)` has the same output filename as the lib target `mopro_ffi` in package `mopro-ffi v0.1.0 (/Users/jin/Projects/mopro/mopro-ffi)`.
Colliding filename is: /Users/jin/Projects/mopro/target/debug/deps/libmopro_ffi.a
The targets should have unique names.
Consider changing their names to be unique or compiling them separately.
This may become a hard error in the future; see <https://github.com/rust-lang/cargo/issues/6313>.
   Compiling mopro-ffi v0.1.0 (/Users/jin/Projects/mopro/mopro-ffi)
   Compiling test-e2e v0.1.0 (/Users/jin/Projects/mopro/test-e2e)
    Finished `dev` profile [unoptimized + debuginfo] target(s) in 25.56s
/Users/jin/Projects/mopro/test-e2e/tests/bindings/test_circom_keccak.swift:62:52: error: incorrect argument labels in call (have 'zkeyPath:circuitInputs:', expected 'in0:in1:')
60 | 
61 |   // Generate Proof
62 |   let generateProofResult = try generateCircomProof(zkeyPath: zkeyPath, circuitInputs: inputs)
   |                                                    `- error: incorrect argument labels in call (have 'zkeyPath:circuitInputs:', expected 'in0:in1:')
63 |   assert(!generateProofResult.proof.isEmpty, "Proof should not be empty")
64 | 

/Users/jin/Projects/mopro/test-e2e/tests/bindings/test_circom_multiplier2.swift:45:52: error: incorrect argument labels in call (have 'zkeyPath:circuitInputs:', expected 'in0:in1:')
43 | 
44 |   // Generate Proof
45 |   let generateProofResult = try generateCircomProof(zkeyPath: zkeyPath, circuitInputs: inputs)
   |                                                    `- error: incorrect argument labels in call (have 'zkeyPath:circuitInputs:', expected 'in0:in1:')
46 |   assert(!generateProofResult.proof.isEmpty, "Proof should not be empty")
47 | 

/Users/jin/Projects/mopro/test-e2e/tests/bindings/test_circom_multiplier2.swift:53:38: error: incorrect argument labels in call (have 'zkeyPath:proof:publicInput:', expected 'in0:in1:in2:')
51 |     "Circuit outputs mismatch the expected outputs")
52 | 
53 |   let isValid = try verifyCircomProof(
   |                                      `- error: incorrect argument labels in call (have 'zkeyPath:proof:publicInput:', expected 'in0:in1:in2:')
54 |     zkeyPath: zkeyPath, proof: generateProofResult.proof, publicInput: generateProofResult.inputs)
55 |   assert(isValid, "Proof verification should succeed")

/Users/jin/Projects/mopro/test-e2e/tests/bindings/test_circom_multiplier2.swift:58:43: error: incorrect argument label in call (have 'proof:', expected 'in0:')
56 | 
57 |   // Convert proof to Ethereum compatible proof
58 |   let convertProofResult = toEthereumProof(proof: generateProofResult.proof)
   |                                           `- error: incorrect argument label in call (have 'proof:', expected 'in0:')
59 |   let convertInputsResult = toEthereumInputs(inputs: generateProofResult.inputs)
60 |   assert(convertProofResult.a.x.count > 0, "Proof should not be empty")

/Users/jin/Projects/mopro/test-e2e/tests/bindings/test_circom_keccak.swift:70:38: error: incorrect argument labels in call (have 'zkeyPath:proof:publicInput:', expected 'in0:in1:in2:')
68 |     "Circuit outputs mismatch the expected outputs")
69 | 
70 |   let isValid = try verifyCircomProof(
   |                                      `- error: incorrect argument labels in call (have 'zkeyPath:proof:publicInput:', expected 'in0:in1:in2:')
71 |     zkeyPath: zkeyPath, proof: generateProofResult.proof, publicInput: generateProofResult.inputs)
72 |   assert(isValid, "Proof verification should succeed")
/Users/jin/Projects/mopro/test-e2e/tests/bindings/test_circom_multiplier2.swift:59:45: error: incorrect argument label in call (have 'inputs:', expected 'in0:')
57 |   // Convert proof to Ethereum compatible proof
58 |   let convertProofResult = toEthereumProof(proof: generateProofResult.proof)
59 |   let convertInputsResult = toEthereumInputs(inputs: generateProofResult.inputs)
   |                                             `- error: incorrect argument label in call (have 'inputs:', expected 'in0:')
60 |   assert(convertProofResult.a.x.count > 0, "Proof should not be empty")
61 |   assert(convertInputsResult.count > 0, "Inputs should not be empty")
Error: running `swift` to run test script failed (cd "/Users/jin/Projects/mopro/target/tmp/test-e2e-74e135cb21978409" && "swift" "-I" "/Users/jin/Projects/mopro/target/tmp/test-e2e-74e135cb21978409" "-L" "/Users/jin/Projects/mopro/target/tmp/test-e2e-74e135cb21978409" "-lmopro_bindings" "-ltestmod_mopro" "-Xcc" "-fmodule-map-file=/Users/jin/Projects/mopro/target/tmp/test-e2e-74e135cb21978409/combined.modulemap" "/Users/jin/Projects/mopro/test-e2e/tests/bindings/test_circom_multiplier2.swift")
test uniffi_foreign_language_testcase_test_circom_multiplier2_swift ... FAILED
Error: running `swift` to run test script failed (cd "/Users/jin/Projects/mopro/target/tmp/test-e2e-860c1cfb0e5bafc6" && "swift" "-I" "/Users/jin/Projects/mopro/target/tmp/test-e2e-860c1cfb0e5bafc6" "-L" "/Users/jin/Projects/mopro/target/tmp/test-e2e-860c1cfb0e5bafc6" "-lmopro_bindings" "-ltestmod_mopro" "-Xcc" "-fmodule-map-file=/Users/jin/Projects/mopro/target/tmp/test-e2e-860c1cfb0e5bafc6/combined.modulemap" "/Users/jin/Projects/mopro/test-e2e/tests/bindings/test_circom_keccak.swift")
test uniffi_foreign_language_testcase_test_circom_keccak_swift ... FAILED
/Users/jin/Projects/mopro/test-e2e/tests/bindings/test_circom_multiplier2_bls.swift:45:52: error: incorrect argument labels in call (have 'zkeyPath:circuitInputs:', expected 'in0:in1:')
43 | 
44 |   // Generate Proof
45 |   let generateProofResult = try generateCircomProof(zkeyPath: zkeyPath, circuitInputs: inputs)
   |                                                    `- error: incorrect argument labels in call (have 'zkeyPath:circuitInputs:', expected 'in0:in1:')
46 |   assert(!generateProofResult.proof.isEmpty, "Proof should not be empty")
47 | 

/Users/jin/Projects/mopro/test-e2e/tests/bindings/test_circom_multiplier2_bls.swift:53:38: error: incorrect argument labels in call (have 'zkeyPath:proof:publicInput:', expected 'in0:in1:in2:')
51 |     "Circuit outputs mismatch the expected outputs")
52 | 
53 |   let isValid = try verifyCircomProof(
   |                                      `- error: incorrect argument labels in call (have 'zkeyPath:proof:publicInput:', expected 'in0:in1:in2:')
54 |     zkeyPath: zkeyPath, proof: generateProofResult.proof, publicInput: generateProofResult.inputs)
55 |   assert(isValid, "Proof verification should succeed")
Error: running `swift` to run test script failed (cd "/Users/jin/Projects/mopro/target/tmp/test-e2e-b041d7715f7f8dca" && "swift" "-I" "/Users/jin/Projects/mopro/target/tmp/test-e2e-b041d7715f7f8dca" "-L" "/Users/jin/Projects/mopro/target/tmp/test-e2e-b041d7715f7f8dca" "-lmopro_bindings" "-ltestmod_mopro" "-Xcc" "-fmodule-map-file=/Users/jin/Projects/mopro/target/tmp/test-e2e-b041d7715f7f8dca/combined.modulemap" "/Users/jin/Projects/mopro/test-e2e/tests/bindings/test_circom_multiplier2_bls.swift")
test uniffi_foreign_language_testcase_test_circom_multiplier2_bls_swift ... FAILED
tests/bindings/test_circom_multiplier2.kts:13:32: error: unresolved reference 'proof'.
    assert(generateProofResult.proof.size > 0) { "Proof is empty" }
                               ^
tests/bindings/test_circom_multiplier2.kts:16:67: error: unresolved reference 'proof'.
    var isValid = verifyCircomProof(zkeyPath, generateProofResult.proof, generateProofResult.inputs)
                                                                  ^
tests/bindings/test_circom_multiplier2.kts:16:94: error: unresolved reference 'inputs'.
    var isValid = verifyCircomProof(zkeyPath, generateProofResult.proof, generateProofResult.inputs)
                                                                                             ^
tests/bindings/test_circom_multiplier2.kts:20:66: error: unresolved reference 'proof'.
    var convertProofResult = toEthereumProof(generateProofResult.proof)
                                                                 ^
tests/bindings/test_circom_multiplier2.kts:21:68: error: unresolved reference 'inputs'.
    var convertInputsResult = toEthereumInputs(generateProofResult.inputs)
                                                                   ^
tests/bindings/test_circom_multiplier2.kts:22:31: error: unresolved reference 'a'.
    assert(convertProofResult.a.x.isNotEmpty()) { "Proof is empty" }
                              ^
Error: running `kotlinc` failed
test uniffi_foreign_language_testcase_test_circom_multiplier2_kts ... FAILED
tests/bindings/test_circom_keccak.kts:269:32: error: unresolved reference 'proof'.
    assert(generateProofResult.proof.size > 0) { "Proof is empty" }
                               ^
tests/bindings/test_circom_keccak.kts:270:67: error: unresolved reference 'proof'.
    var isValid = verifyCircomProof(zkeyPath, generateProofResult.proof, generateProofResult.inputs)
                                                                  ^
tests/bindings/test_circom_keccak.kts:270:94: error: unresolved reference 'inputs'.
    var isValid = verifyCircomProof(zkeyPath, generateProofResult.proof, generateProofResult.inputs)
                                                                                             ^
Error: running `kotlinc` failed
test uniffi_foreign_language_testcase_test_circom_keccak_kts ... FAILED
tests/bindings/test_circom_multiplier2_bls.kts:13:32: error: unresolved reference 'proof'.
    assert(generateProofResult.proof.size > 0) { "Proof is empty" }
                               ^
tests/bindings/test_circom_multiplier2_bls.kts:16:67: error: unresolved reference 'proof'.
    var isValid = verifyCircomProof(zkeyPath, generateProofResult.proof, generateProofResult.inputs)
                                                                  ^
tests/bindings/test_circom_multiplier2_bls.kts:16:94: error: unresolved reference 'inputs'.
    var isValid = verifyCircomProof(zkeyPath, generateProofResult.proof, generateProofResult.inputs)
                                                                                             ^
Error: running `kotlinc` failed
test uniffi_foreign_language_testcase_test_circom_multiplier2_bls_kts ... FAILED

failures:

failures:
    uniffi_foreign_language_testcase_test_circom_keccak_kts
    uniffi_foreign_language_testcase_test_circom_keccak_swift
    uniffi_foreign_language_testcase_test_circom_multiplier2_bls_kts
    uniffi_foreign_language_testcase_test_circom_multiplier2_bls_swift
    uniffi_foreign_language_testcase_test_circom_multiplier2_kts
    uniffi_foreign_language_testcase_test_circom_multiplier2_swift

test result: FAILED. 0 passed; 6 failed; 0 ignored; 0 measured; 0 filtered out; finished in 36.88s

error: test failed, to rerun pass `--test circom`
